WARNING:root:PyTerm started, all logs are located here
ERROR:root:get bxczn : the command was not found to the cmdslist, couldn't run the command
ERROR:root:c : the command was not found to the cmdslist, couldn't run the command
ERROR:root:d : the command was not found to the cmdslist, couldn't run the command
ERROR:root:c d : the command was not found to the cmdslist, couldn't run the command
ERROR:root:get errorlog : the command was not found to the cmdslist, couldn't run the command
ERROR:root:get cmdslog : the command was not found to the cmdslist, couldn't run the command
ERROR:root:shutdownù : the command was not found to the cmdslist, couldn't run the command
WARNING:root:PyTerm has been closed via command 'shutdown'
WARNING:root:PyTerm started, all logs are located here
WARNING:root:PyTerm started, all logs are located here
WARNING:root:PyTerm started, all logs are located here
WARNING:root:PyTerm started, all logs are located here
WARNING:root:PyTerm started, all logs are located here
WARNING:root:PyTerm has been closed via command 'shutdown'
WARNING:root:PyTerm started, all logs are located here
WARNING:root:PyTerm started, all logs are located here
ERROR:root:run cm : the command was not found to the cmdslist, couldn't run the command
WARNING:root:PyTerm has been closed via command 'shutdown'
WARNING:root:PyTerm started, all logs are located here
WARNING:root:PyTerm has been closed via command 'shutdown'
WARNING:root:PyTerm started, all logs are located here
ERROR:root:cear : the command was not found to the cmdslist, couldn't run the command
WARNING:root:PyTerm started, all logs are located here
WARNING:root:PyTerm started, all logs are located here
ERROR:root:cmd : the command was not found to the cmdslist, couldn't run the command
WARNING:root:PyTerm started, all logs are located here
ERROR:root:run py : the command was not found to the cmdslist, couldn't run the command
WARNING:root:PyTerm started, all logs are located here
WARNING:root:PyTerm started, all logs are located here
ERROR:root:clar : the command was not found to the cmdslist, couldn't run the command
WARNING:root:PyTerm started, all logs are located here
WARNING:root:PyTerm started, all logs are located here
WARNING:root:PyTerm started, all logs are located here
WARNING:root:PyTerm started, all logs are located here
ERROR:root:cl : the command was not found to the cmdslist, couldn't run the command
ERROR:root:cls : the command was not found to the cmdslist, couldn't run the command
WARNING:root:PyTerm started, all logs are located here
WARNING:root:PyTerm started, all logs are located here
WARNING:root:PyTerm started, all logs are located here
WARNING:root:PyTerm started, all logs are located here
WARNING:root:PyTerm started, all logs are located here
WARNING:root:PyTerm started, all logs are located here
WARNING:root:PyTerm started, all logs are located here
WARNING:root:PyTerm started, all logs are located here
WARNING:root:PyTerm started, all logs are located here
WARNING:root:PyTerm started, all logs are located here
WARNING:root:PyTerm started, all logs are located here
WARNING:root:PyTerm started, all logs are located here
WARNING:root:PyTerm started, all logs are located here
WARNING:root:PyTerm started, all logs are located here
WARNING:root:PyTerm started, all logs are located here
WARNING:root:PyTerm started, all logs are located here
WARNING:root:PyTerm started, all logs are located here
WARNING:root:PyTerm started, all logs are located here
WARNING:root:PyTerm started, all logs are located here
WARNING:root:PyTerm started, all logs are located here
WARNING:root:PyTerm started, all logs are located here
WARNING:root:PyTerm started, all logs are located here
WARNING:root:PyTerm started, all logs are located here
WARNING:root:PyTerm started, all logs are located here
WARNING:root:PyTerm started, all logs are located here
WARNING:root:PyTerm started, all logs are located here
WARNING:root:PyTerm started, all logs are located here
WARNING:root:PyTerm started, all logs are located here
WARNING:root:PyTerm started, all logs are located here
WARNING:root:PyTerm started, all logs are located here
ERROR:root:get currentuser : the command was not found to the cmdslist, couldn't run the command
WARNING:root:PyTerm started, all logs are located here
WARNING:root:PyTerm started, all logs are located here
ERROR:root:suu : 'No user was not found' the user wasn't found in the 'userlist'
ERROR:root:caparezza : 'No user was not found' the user wasn't found in the 'userlist'
WARNING:root:PyTerm started, all logs are located here
ERROR:root:cappp : 'No user was not found' the user wasn't found in the 'userlist'
WARNING:root:PyTerm started, all logs are located here
WARNING:root:PyTerm started, all logs are located here
WARNING:root:PyTerm started, all logs are located here
WARNING:root:PyTerm started, all logs are located here
WARNING:root:PyTerm started, all logs are located here
WARNING:root:PyTerm started, all logs are located here
WARNING:root:PyTerm started, all logs are located here
WARNING:root:PyTerm started, all logs are located here
WARNING:root:PyTerm started, all logs are located here
ERROR:root:ddsfd : the command was not found to the cmdslist, couldn't run the command
ERROR:root:cls : the command was not found to the cmdslist, couldn't run the command
ERROR:root:clearf : the command was not found to the cmdslist, couldn't run the command
ERROR:root:ubuntu : the command was not found to the cmdslist, couldn't run the command
ERROR:root:[] : the command was not found to the cmdslist, couldn't run the command
ERROR:root:    : the command was not found to the cmdslist, couldn't run the command
ERROR:root:                                                                                                                                                                                                              : the command was not found to the cmdslist, couldn't run the command
WARNING:root:PyTerm started, all logs are located here
WARNING:root:PyTerm started, all logs are located here
ERROR:root: : the command was not found to the cmdslist, couldn't run the command
WARNING:root:PyTerm started, all logs are located here
WARNING:root:PyTerm started, all logs are located here
WARNING:root:PyTerm started, all logs are located here
WARNING:root:PyTerm started, all logs are located here
WARNING:root:PyTerm started, all logs are located here
WARNING:root:PyTerm has been closed via command 'shutdown'
WARNING:root:PyTerm started, all logs are located here
WARNING:root:PyTerm has been closed via command 'shutdown'
WARNING:root:PyTerm started, all logs are located here
WARNING:root:PyTerm started, all logs are located here
WARNING:root:PyTerm started, all logs are located here
WARNING:root:PyTerm started, all logs are located here
ERROR:root:exit : the command was not found to the cmdslist, couldn't run the command
WARNING:root:PyTerm started, all logs are located here
WARNING:root:PyTerm has been closed via command 'exit'
WARNING:root:PyTerm started, all logs are located here
WARNING:root:PyTerm started, all logs are located here
WARNING:root:PyTerm started, all logs are located here
WARNING:root:PyTerm started, all logs are located here
WARNING:root:PyTerm started, all logs are located here
WARNING:root:PyTerm started, all logs are located here
WARNING:root:PyTerm started, all logs are located here
WARNING:root:PyTerm started, all logs are located here
WARNING:root:PyTerm started, all logs are located here
WARNING:root:PyTerm started, all logs are located here
WARNING:root:PyTerm started, all logs are located here
ERROR:root: x,,x ,x m,  mx m ,zm ,m xzcmxzcmmxcmxmx.mxzcmcxm,m,.x m,xcm,.c,.cm,..m,m,.xzc,.mxcm,.m,.xzcm,.xcm,.m,xzcm,.xcm,.xm,.xc m,.c,.mm,.xczm,.xcm,.xczm,.xzcm,.xzcm,.xzcm,.xzcm,.xzcm,.xzcm,. xzc m,. xz cm,. m,.  xzcm. ,xc m,. xz cm,. xzc m,. xczm,. m,. xzc  mòlxzc m,. xz cm,. mxz cm,. xcz  m,.m,. xzc m,. xzc  m,.xcm,. xzc m,. xczm, .m,. mx czm.x cm, .m, .cxm, .zcx m,. xc zm,. xzcm, cx m,xzcm mcx. mmxc m,.xzc ,m.xczm,. xcz m,. xcz,xc zm,. m,. xcz m ,.zcx m,.,. mcxz m xzc m,. m,. xz cm,. xzc m, x m,.xcz m,. xc m,. m,. xzc m,. xz cm,. xc m,. xz cm, .xzcm,. xm,. xzc m,. xzcm, .xzcm, xz cm,. xzc m,m,. xcz m,. xzcm, m,. xz cm,. xcm,.m,. : the command was not found to the cmdslist, couldn't run the command
ERROR:root:get skhfsdjklhfjksdh : the command was not found to the cmdslist, couldn't run the command
WARNING:root:PyTerm started, all logs are located here
WARNING:root:PyTerm started, all logs are located here
WARNING:root:PyTerm started, all logs are located here
ERROR:root:stop : the command was not found to the cmdslist, couldn't run the command
WARNING:root:PyTerm has been closed via command 'exit'
WARNING:root:PyTerm started, all logs are located here
ERROR:root:cls : the command was not found to the cmdslist, couldn't run the command
WARNING:root:PyTerm started, all logs are located here
ERROR:root:tcial : the command was not found to the cmdslist, couldn't run the command
ERROR:root:TCIAL : the command was not found to the cmdslist, couldn't run the command
ERROR:root:Tcial : the command was not found to the cmdslist, couldn't run the command
ERROR:root:EXE : the command was not found to the cmdslist, couldn't run the command
WARNING:root:PyTerm started, all logs are located here
WARNING:root:PyTerm started, all logs are located here
WARNING:root:PyTerm started, all logs are located here
WARNING:root:PyTerm started, all logs are located here
WARNING:root:PyTerm started, all logs are located here
WARNING:root:PyTerm started, all logs are located here
WARNING:root:PyTerm started, all logs are located here
WARNING:root:PyTerm started, all logs are located here
WARNING:root:PyTerm started, all logs are located here
WARNING:root:PyTerm started, all logs are located here
WARNING:root:PyTerm started, all logs are located here
WARNING:root:PyTerm started, all logs are located here
WARNING:root:PyTerm started, all logs are located here
WARNING:root:PyTerm started, all logs are located here
WARNING:root:PyTerm started, all logs are located here
WARNING:root:PyTerm started, all logs are located here
WARNING:root:PyTerm started, all logs are located here
WARNING:root:PyTerm started, all logs are located here
WARNING:root:PyTerm started, all logs are located here
WARNING:root:PyTerm started, all logs are located here
WARNING:root:PyTerm started, all logs are located here
WARNING:root:PyTerm started, all logs are located here
WARNING:root:PyTerm started, all logs are located here
WARNING:root:PyTerm started, all logs are located here
WARNING:root:PyTerm started, all logs are located here
WARNING:root:PyTerm started, all logs are located here
WARNING:root:PyTerm started, all logs are located here
WARNING:root:PyTerm started, all logs are located here
WARNING:root:PyTerm started, all logs are located here
WARNING:root:PyTerm started, all logs are located here
ERROR:root:stop : the command was not found to the cmdslist, couldn't run the command
WARNING:root:PyTerm started, all logs are located here
ERROR:root:im still in the same directory : the command was not found to the cmdslist, couldn't run the command
WARNING:root:PyTerm started, all logs are located here
WARNING:root:PyTerm started, all logs are located here
WARNING:root:PyTerm started, all logs are located here
WARNING:root:PyTerm started, all logs are located here
WARNING:root:PyTerm started, all logs are located here
WARNING:root:PyTerm started, all logs are located here
WARNING:root:PyTerm started, all logs are located here
WARNING:root:PyTerm started, all logs are located here
WARNING:root:PyTerm started, all logs are located here
WARNING:root:PyTerm started, all logs are located here
WARNING:root:PyTerm started, all logs are located here
WARNING:root:PyTerm started, all logs are located here
WARNING:root:PyTerm started, all logs are located here
WARNING:root:PyTerm started, all logs are located here
WARNING:root:PyTerm started, all logs are located here
WARNING:root:PyTerm started, all logs are located here
WARNING:root:PyTerm started, all logs are located here
WARNING:root:PyTerm started, all logs are located here
WARNING:root:PyTerm started, all logs are located here
WARNING:root:PyTerm started, all logs are located here
ERROR:root:a : the command was not found to the cmdslist, couldn't run the command
WARNING:root:PyTerm started, all logs are located here
WARNING:root:PyTerm started, all logs are located here
WARNING:root:PyTerm started, all logs are located here
ERROR:root:shutdown : the command was not found to the cmdslist, couldn't run the command
WARNING:root:PyTerm started, all logs are located here
WARNING:root:PyTerm started, all logs are located here
WARNING:root:PyTerm started, all logs are located here
WARNING:root:PyTerm started, all logs are located here
WARNING:root:PyTerm started, all logs are located here
WARNING:root:PyTerm started, all logs are located here
WARNING:root:PyTerm started, all logs are located here
WARNING:root:PyTerm started, all logs are located here
WARNING:root:PyTerm started, all logs are located here
WARNING:root:PyTerm started, all logs are located here
WARNING:root:PyTerm started, all logs are located here
WARNING:root:PyTerm started, all logs are located here
ERROR:root:unix : the command was not found to the cmdslist, couldn't run the command
ERROR:root:unix : the command was not found to the cmdslist, couldn't run the command
ERROR:root:linux : the command was not found to the cmdslist, couldn't run the command
WARNING:root:PyTerm started, all logs are located here
WARNING:root:PyTerm started, all logs are located here
WARNING:root:PyTerm started, all logs are located here
WARNING:root:PyTerm started, all logs are located here
WARNING:root:PyTerm started, all logs are located here
WARNING:root:PyTerm started, all logs are located here
WARNING:root:PyTerm started, all logs are located here
WARNING:root:PyTerm started, all logs are located here
ERROR:root:clear+ : the command was not found to the cmdslist, couldn't run the command
ERROR:root:shutdown : the command was not found to the cmdslist, couldn't run the command
WARNING:root:PyTerm has been closed via command 'exit'
WARNING:root:PyTerm started, all logs are located here
ERROR:root:pip  : the command was not found to the cmdslist, couldn't run the command
ERROR:root:cancel : the command was not found to the cmdslist, couldn't run the command
WARNING:root:PyTerm has been closed via command 'exit'
WARNING:root:PyTerm started, all logs are located here
ERROR:root:dir  : the command was not found to the cmdslist, couldn't run the command
WARNING:root:PyTerm has been closed via command 'exit'
WARNING:root:PyTerm started, all logs are located here
ERROR:root:shutdown : the command was not found to the cmdslist, couldn't run the command
WARNING:root:the computer has benn shutdown via command 'shutdown host'
WARNING:root:PyTerm started, all logs are located here
WARNING:root:PyTerm has been closed via command 'exit'
WARNING:root:PyTerm started, all logs are located here
ERROR:root:ok : the command was not found to the cmdslist, couldn't run the command
ERROR:root:  v   : the command was not found to the cmdslist, couldn't run the command
ERROR:root:      : the command was not found to the cmdslist, couldn't run the command
ERROR:root:     : the command was not found to the cmdslist, couldn't run the command
ERROR:root:cls : the command was not found to the cmdslist, couldn't run the command
ERROR:root:+ : the command was not found to the cmdslist, couldn't run the command
WARNING:root:PyTerm started, all logs are located here
WARNING:root:PyTerm started, all logs are located here
ERROR:root:hi\ndj : the command was not found to the cmdslist, couldn't run the command
CRITICAL:root:The file get pythonversion wasn't found couldn't run the script
CRITICAL:root:The file get pythonversion wasn't found couldn't run the script
ERROR:root:netstat : the command was not found to the cmdslist, couldn't run the command
ERROR:root:curDir : the command was not found to the cmdslist, couldn't run the command
ERROR:root:get pah : the command was not found to the cmdslist, couldn't run the command
WARNING:root:PyTerm started, all logs are located here
WARNING:root:PyTerm has been closed via command 'exit'
WARNING:root:PyTerm started, all logs are located here
ERROR:root:stop : the command was not found to the cmdslist, couldn't run the command
ERROR:root:date : the command was not found to the cmdslist, couldn't run the command
ERROR:root:rea : the command was not found to the cmdslist, couldn't run the command
WARNING:root:PyTerm started, all logs are located here
WARNING:root:PyTerm started, all logs are located here
WARNING:root:PyTerm started, all logs are located here
